<?xml version="1.0" encoding="UTF-8"?><testsuites failures="0" name="dependency-check" tests="2"><testsuite failures="0" errors="0" time="0" id="0" name="/home/runner/.m2/repository/jakarta/validation/jakarta.validation-api/3.0.2/jakarta.validation-api-3.0.2.jar" package="jakarta.validation-api-3.0.2.jar" skipped="0" tests="1" timestamp="2023-05-29T13:16:41.013869178"><testcase classname="dependency-check" name="jakarta.validation-api-3.0.2.jar"/></testsuite><testsuite failures="0" errors="0" time="0" id="1" name="/home/runner/.m2/repository/org/slf4j/slf4j-api/2.0.7/slf4j-api-2.0.7.jar" package="slf4j-api-2.0.7.jar" skipped="0" tests="1" timestamp="2023-05-29T13:16:41.013869178"><testcase classname="dependency-check" name="slf4j-api-2.0.7.jar"/></testsuite></testsuites>