GROUP,PACKAGE,CLASS,INSTRUCTION_MISSED,INSTRUCTION_COVERED,BRANCH_MISSED,BRANCH_COVERED,LINE_MISSED,LINE_COVERED,COMPLEXITY_MISSED,COMPLEXITY_COVERED,METHOD_MISSED,METHOD_COVERED
Dir Cache,uk.co.spudsoft.dircache,AbstractTree.AbstractNode,8,45,2,6,0,15,2,8,0,6
Dir Cache,uk.co.spudsoft.dircache,DirCacheTree.Node,2,95,1,5,1,22,1,8,0,6
Dir Cache,uk.co.spudsoft.dircache,DirCache,0,8,0,0,0,1,0,1,0,1
Dir Cache,uk.co.spudsoft.dircache,DirCacheTree.File,0,60,0,8,0,17,0,8,0,4
Dir Cache,uk.co.spudsoft.dircache,AbstractTree,0,3,0,0,0,1,0,1,0,1
Dir Cache,uk.co.spudsoft.dircache,DirCacheTree.Directory,0,132,0,12,0,31,0,15,0,9
Dir Cache,uk.co.spudsoft.dircache.impl,DirCacheImpl.Visitor,17,202,1,9,4,33,2,12,1,8
Dir Cache,uk.co.spudsoft.dircache.impl,DirCacheImpl.PathAndNodeList,0,19,0,0,0,7,0,2,0,2
Dir Cache,uk.co.spudsoft.dircache.impl,DirCacheImpl,21,278,3,35,9,84,3,27,0,11
