GROUP,PACKAGE,CLASS,INSTRUCTION_MISSED,INSTRUCTION_COVERED,BRANCH_MISSED,BRANCH_COVERED,LINE_MISSED,LINE_COVERED,COMPLEXITY_MISSED,COMPLEXITY_COVERED,METHOD_MISSED,METHOD_COVERED
Dir Cache,uk.co.spudsoft.dircache,AbstractTree.AbstractNode,8,45,2,6,0,15,2,8,0,6
Dir Cache,uk.co.spudsoft.dircache,DirCacheTree.Node,2,95,1,5,1,22,1,8,0,6
Dir Cache,uk.co.spudsoft.dircache,DirCache,0,8,0,0,0,1,0,1,0,1
Dir Cache,uk.co.spudsoft.dircache,DirCacheTree.File,0,68,0,8,0,18,0,9,0,5
Dir Cache,uk.co.spudsoft.dircache,AbstractTree,0,3,0,0,0,1,0,1,0,1
Dir Cache,uk.co.spudsoft.dircache,DirCacheTree.Directory,1,190,2,16,0,47,2,21,0,14
Dir Cache,uk.co.spudsoft.dircache.impl,DirCacheImpl.Visitor,17,202,1,9,4,33,2,12,1,8
Dir Cache,uk.co.spudsoft.dircache.impl,DirCacheImpl.PathAndNodeList,0,19,0,0,0,7,0,2,0,2
Dir Cache,uk.co.spudsoft.dircache.impl,DirCacheImpl,28,271,4,34,11,82,4,26,0,11
