<?xml version="1.0" encoding="UTF-8" standalone="yes"?><!DOCTYPE report PUBLIC "-//JACOCO//DTD Report 1.1//EN" "report.dtd"><report name="Dir Cache"><sessioninfo id="fv-az210-239-790aa423" start="1656792359596" dump="1656792363774"/><package name="uk/co/spudsoft/dircache"><class name="uk/co/spudsoft/dircache/DirCache" sourcefilename="DirCache.java"><method name="cache" desc="(Ljava/nio/file/Path;Ljava/time/Duration;Ljava/util/regex/Pattern;)Luk/co/spudsoft/dircache/DirCache;" line="48"><counter type="INSTRUCTION" missed="0" covered="8"/><counter type="LINE" missed="0" covered="1"/><counter type="COMPLEXITY" missed="0" covered="1"/><counter type="METHOD" missed="0" covered="1"/></method><counter type="INSTRUCTION" missed="0" covered="8"/><counter type="LINE" missed="0" covered="1"/><counter type="COMPLEXITY" missed="0" covered="1"/><counter type="METHOD" missed="0" covered="1"/><counter type="CLASS" missed="0" covered="1"/></class><class name="uk/co/spudsoft/dircache/File" sourcefilename="File.java"><method name="&lt;init&gt;" desc="(Ljava/nio/file/Path;Ljava/time/LocalDateTime;J)V" line="37"><counter type="INSTRUCTION" missed="0" covered="8"/><counter type="LINE" missed="0" covered="3"/><counter type="COMPLEXITY" missed="0" covered="1"/><counter type="METHOD" missed="0" covered="1"/></method><method name="getSize" desc="()J" line="46"><counter type="INSTRUCTION" missed="0" covered="3"/><counter type="LINE" missed="0" covered="1"/><counter type="COMPLEXITY" missed="0" covered="1"/><counter type="METHOD" missed="0" covered="1"/></method><counter type="INSTRUCTION" missed="0" covered="11"/><counter type="LINE" missed="0" covered="4"/><counter type="COMPLEXITY" missed="0" covered="2"/><counter type="METHOD" missed="0" covered="2"/><counter type="CLASS" missed="0" covered="1"/></class><class name="uk/co/spudsoft/dircache/Node" sourcefilename="Node.java"><method name="&lt;init&gt;" desc="(Ljava/nio/file/Path;Ljava/time/LocalDateTime;)V" line="38"><counter type="INSTRUCTION" missed="0" covered="14"/><counter type="LINE" missed="0" covered="5"/><counter type="COMPLEXITY" missed="0" covered="1"/><counter type="METHOD" missed="0" covered="1"/></method><method name="getPath" desc="()Ljava/nio/file/Path;" line="45"><counter type="INSTRUCTION" missed="0" covered="3"/><counter type="LINE" missed="0" covered="1"/><counter type="COMPLEXITY" missed="0" covered="1"/><counter type="METHOD" missed="0" covered="1"/></method><method name="getModified" desc="()Ljava/time/LocalDateTime;" line="53"><counter type="INSTRUCTION" missed="0" covered="3"/><counter type="LINE" missed="0" covered="1"/><counter type="COMPLEXITY" missed="0" covered="1"/><counter type="METHOD" missed="0" covered="1"/></method><method name="getName" desc="()Ljava/lang/String;" line="61"><counter type="INSTRUCTION" missed="0" covered="3"/><counter type="LINE" missed="0" covered="1"/><counter type="COMPLEXITY" missed="0" covered="1"/><counter type="METHOD" missed="0" covered="1"/></method><counter type="INSTRUCTION" missed="0" covered="23"/><counter type="LINE" missed="0" covered="8"/><counter type="COMPLEXITY" missed="0" covered="4"/><counter type="METHOD" missed="0" covered="4"/><counter type="CLASS" missed="0" covered="1"/></class><class name="uk/co/spudsoft/dircache/Directory" sourcefilename="Directory.java"><method name="&lt;init&gt;" desc="(Ljava/nio/file/Path;Ljava/time/LocalDateTime;Ljava/util/List;)V" line="41"><counter type="INSTRUCTION" missed="0" covered="23"/><counter type="LINE" missed="0" covered="5"/><counter type="COMPLEXITY" missed="0" covered="1"/><counter type="METHOD" missed="0" covered="1"/></method><method name="getChildren" desc="()Ljava/util/List;" line="52"><counter type="INSTRUCTION" missed="0" covered="3"/><counter type="LINE" missed="0" covered="1"/><counter type="COMPLEXITY" missed="0" covered="1"/><counter type="METHOD" missed="0" covered="1"/></method><method name="get" desc="(Ljava/lang/String;)Luk/co/spudsoft/dircache/Node;" line="61"><counter type="INSTRUCTION" missed="0" covered="6"/><counter type="LINE" missed="0" covered="1"/><counter type="COMPLEXITY" missed="0" covered="1"/><counter type="METHOD" missed="0" covered="1"/></method><method name="getDir" desc="(Ljava/lang/String;)Luk/co/spudsoft/dircache/Directory;" line="70"><counter type="INSTRUCTION" missed="0" covered="14"/><counter type="BRANCH" missed="0" covered="2"/><counter type="LINE" missed="0" covered="4"/><counter type="COMPLEXITY" missed="0" covered="2"/><counter type="METHOD" missed="0" covered="1"/></method><method name="lambda$new$0" desc="(Luk/co/spudsoft/dircache/Node;)V" line="44"><counter type="INSTRUCTION" missed="0" covered="8"/><counter type="LINE" missed="0" covered="1"/><counter type="COMPLEXITY" missed="0" covered="1"/><counter type="METHOD" missed="0" covered="1"/></method><counter type="INSTRUCTION" missed="0" covered="54"/><counter type="BRANCH" missed="0" covered="2"/><counter type="LINE" missed="0" covered="11"/><counter type="COMPLEXITY" missed="0" covered="6"/><counter type="METHOD" missed="0" covered="5"/><counter type="CLASS" missed="0" covered="1"/></class><sourcefile name="DirCache.java"><line nr="48" mi="0" ci="8" mb="0" cb="0"/><counter type="INSTRUCTION" missed="0" covered="8"/><counter type="LINE" missed="0" covered="1"/><counter type="COMPLEXITY" missed="0" covered="1"/><counter type="METHOD" missed="0" covered="1"/><counter type="CLASS" missed="0" covered="1"/></sourcefile><sourcefile name="Directory.java"><line nr="41" mi="0" ci="4" mb="0" cb="0"/><line nr="42" mi="0" ci="4" mb="0" cb="0"/><line nr="43" mi="0" ci="9" mb="0" cb="0"/><line nr="44" mi="0" ci="13" mb="0" cb="0"/><line nr="45" mi="0" ci="1" mb="0" cb="0"/><line nr="52" mi="0" ci="3" mb="0" cb="0"/><line nr="61" mi="0" ci="6" mb="0" cb="0"/><line nr="70" mi="0" ci="6" mb="0" cb="0"/><line nr="71" mi="0" ci="3" mb="0" cb="2"/><line nr="72" mi="0" ci="3" mb="0" cb="0"/><line nr="74" mi="0" ci="2" mb="0" cb="0"/><counter type="INSTRUCTION" missed="0" covered="54"/><counter type="BRANCH" missed="0" covered="2"/><counter type="LINE" missed="0" covered="11"/><counter type="COMPLEXITY" missed="0" covered="6"/><counter type="METHOD" missed="0" covered="5"/><counter type="CLASS" missed="0" covered="1"/></sourcefile><sourcefile name="File.java"><line nr="37" mi="0" ci="4" mb="0" cb="0"/><line nr="38" mi="0" ci="3" mb="0" cb="0"/><line nr="39" mi="0" ci="1" mb="0" cb="0"/><line nr="46" mi="0" ci="3" mb="0" cb="0"/><counter type="INSTRUCTION" missed="0" covered="11"/><counter type="LINE" missed="0" covered="4"/><counter type="COMPLEXITY" missed="0" covered="2"/><counter type="METHOD" missed="0" covered="2"/><counter type="CLASS" missed="0" covered="1"/></sourcefile><sourcefile name="Node.java"><line nr="38" mi="0" ci="2" mb="0" cb="0"/><line nr="39" mi="0" ci="3" mb="0" cb="0"/><line nr="40" mi="0" ci="3" mb="0" cb="0"/><line nr="41" mi="0" ci="5" mb="0" cb="0"/><line nr="42" mi="0" ci="1" mb="0" cb="0"/><line nr="45" mi="0" ci="3" mb="0" cb="0"/><line nr="53" mi="0" ci="3" mb="0" cb="0"/><line nr="61" mi="0" ci="3" mb="0" cb="0"/><counter type="INSTRUCTION" missed="0" covered="23"/><counter type="LINE" missed="0" covered="8"/><counter type="COMPLEXITY" missed="0" covered="4"/><counter type="METHOD" missed="0" covered="4"/><counter type="CLASS" missed="0" covered="1"/></sourcefile><counter type="INSTRUCTION" missed="0" covered="96"/><counter type="BRANCH" missed="0" covered="2"/><counter type="LINE" missed="0" covered="24"/><counter type="COMPLEXITY" missed="0" covered="13"/><counter type="METHOD" missed="0" covered="12"/><counter type="CLASS" missed="0" covered="4"/></package><package name="uk/co/spudsoft/dircache/impl"><class name="uk/co/spudsoft/dircache/impl/DirCacheImpl$Visitor" sourcefilename="DirCacheImpl.java"><method name="&lt;init&gt;" desc="(Luk/co/spudsoft/dircache/impl/DirCacheImpl;)V" line="203"><counter type="INSTRUCTION" missed="0" covered="16"/><counter type="LINE" missed="0" covered="3"/><counter type="COMPLEXITY" missed="0" covered="1"/><counter type="METHOD" missed="0" covered="1"/></method><method name="getRoot" desc="()Luk/co/spudsoft/dircache/Directory;" line="210"><counter type="INSTRUCTION" missed="0" covered="3"/><counter type="LINE" missed="0" covered="1"/><counter type="COMPLEXITY" missed="0" covered="1"/><counter type="METHOD" missed="0" covered="1"/></method><method name="getDirsFound" desc="()Ljava/util/List;" line="214"><counter type="INSTRUCTION" missed="0" covered="3"/><counter type="LINE" missed="0" covered="1"/><counter type="COMPLEXITY" missed="0" covered="1"/><counter type="METHOD" missed="0" covered="1"/></method><method name="getLastModified" desc="(Ljava/nio/file/attribute/BasicFileAttributes;)Ljava/time/LocalDateTime;" line="218"><counter type="INSTRUCTION" missed="0" covered="6"/><counter type="LINE" missed="0" covered="1"/><counter type="COMPLEXITY" missed="0" covered="1"/><counter type="METHOD" missed="0" covered="1"/></method><method name="preVisitDirectory" desc="(Ljava/nio/file/Path;Ljava/nio/file/attribute/BasicFileAttributes;)Ljava/nio/file/FileVisitResult;" line="223"><counter type="INSTRUCTION" missed="6" covered="75"/><counter type="BRANCH" missed="0" covered="4"/><counter type="LINE" missed="2" covered="11"/><counter type="COMPLEXITY" missed="0" covered="3"/><counter type="METHOD" missed="0" covered="1"/></method><method name="visitFile" desc="(Ljava/nio/file/Path;Ljava/nio/file/attribute/BasicFileAttributes;)Ljava/nio/file/FileVisitResult;" line="244"><counter type="INSTRUCTION" missed="0" covered="51"/><counter type="BRANCH" missed="0" covered="2"/><counter type="LINE" missed="0" covered="6"/><counter type="COMPLEXITY" missed="0" covered="2"/><counter type="METHOD" missed="0" covered="1"/></method><method name="visitFileFailed" desc="(Ljava/nio/file/Path;Ljava/io/IOException;)Ljava/nio/file/FileVisitResult;" line="255"><counter type="INSTRUCTION" missed="7" covered="0"/><counter type="LINE" missed="2" covered="0"/><counter type="COMPLEXITY" missed="1" covered="0"/><counter type="METHOD" missed="1" covered="0"/></method><method name="postVisitDirectory" desc="(Ljava/nio/file/Path;Ljava/io/IOException;)Ljava/nio/file/FileVisitResult;" line="261"><counter type="INSTRUCTION" missed="4" covered="45"/><counter type="BRANCH" missed="1" covered="3"/><counter type="LINE" missed="0" covered="9"/><counter type="COMPLEXITY" missed="1" covered="2"/><counter type="METHOD" missed="0" covered="1"/></method><method name="&lt;clinit&gt;" desc="()V" line="203"><counter type="INSTRUCTION" missed="0" covered="1"/><counter type="LINE" missed="0" covered="1"/><counter type="COMPLEXITY" missed="0" covered="1"/><counter type="METHOD" missed="0" covered="1"/></method><counter type="INSTRUCTION" missed="17" covered="200"/><counter type="BRANCH" missed="1" covered="9"/><counter type="LINE" missed="4" covered="32"/><counter type="COMPLEXITY" missed="2" covered="12"/><counter type="METHOD" missed="1" covered="8"/><counter type="CLASS" missed="0" covered="1"/></class><class name="uk/co/spudsoft/dircache/impl/DirCacheImpl$PathAndNodeList" sourcefilename="DirCacheImpl.java"><method name="&lt;init&gt;" desc="(Ljava/nio/file/Path;Ljava/time/LocalDateTime;)V" line="196"><counter type="INSTRUCTION" missed="0" covered="14"/><counter type="LINE" missed="0" covered="5"/><counter type="COMPLEXITY" missed="0" covered="1"/><counter type="METHOD" missed="0" covered="1"/></method><counter type="INSTRUCTION" missed="0" covered="14"/><counter type="LINE" missed="0" covered="5"/><counter type="COMPLEXITY" missed="0" covered="1"/><counter type="METHOD" missed="0" covered="1"/><counter type="CLASS" missed="0" covered="1"/></class><class name="uk/co/spudsoft/dircache/impl/DirCacheImpl" sourcefilename="DirCacheImpl.java"><method name="&lt;init&gt;" desc="(Ljava/nio/file/Path;Ljava/time/Duration;Ljava/util/regex/Pattern;)V" line="66"><counter type="INSTRUCTION" missed="0" covered="50"/><counter type="LINE" missed="0" covered="12"/><counter type="COMPLEXITY" missed="0" covered="1"/><counter type="METHOD" missed="0" covered="1"/></method><method name="getRoot" desc="()Luk/co/spudsoft/dircache/Directory;" line="104"><counter type="INSTRUCTION" missed="0" covered="3"/><counter type="LINE" missed="0" covered="1"/><counter type="COMPLEXITY" missed="0" covered="1"/><counter type="METHOD" missed="0" covered="1"/></method><method name="start" desc="()Luk/co/spudsoft/dircache/impl/DirCacheImpl;" line="109"><counter type="INSTRUCTION" missed="0" covered="5"/><counter type="LINE" missed="0" covered="2"/><counter type="COMPLEXITY" missed="0" covered="1"/><counter type="METHOD" missed="0" covered="1"/></method><method name="stop" desc="()Luk/co/spudsoft/dircache/impl/DirCacheImpl;" line="115"><counter type="INSTRUCTION" missed="5" covered="10"/><counter type="LINE" missed="2" covered="4"/><counter type="COMPLEXITY" missed="0" covered="1"/><counter type="METHOD" missed="0" covered="1"/></method><method name="close" desc="()V" line="126"><counter type="INSTRUCTION" missed="0" covered="4"/><counter type="LINE" missed="0" covered="2"/><counter type="COMPLEXITY" missed="0" covered="1"/><counter type="METHOD" missed="0" covered="1"/></method><method name="setCallback" desc="(Ljava/lang/Runnable;)Luk/co/spudsoft/dircache/impl/DirCacheImpl;" line="131"><counter type="INSTRUCTION" missed="0" covered="5"/><counter type="LINE" missed="0" covered="2"/><counter type="COMPLEXITY" missed="0" covered="1"/><counter type="METHOD" missed="0" covered="1"/></method><method name="getLastWalkTime" desc="()Ljava/time/LocalDateTime;" line="137"><counter type="INSTRUCTION" missed="0" covered="3"/><counter type="LINE" missed="0" covered="1"/><counter type="COMPLEXITY" missed="0" covered="1"/><counter type="METHOD" missed="0" covered="1"/></method><method name="thread" desc="()V" line="141"><counter type="INSTRUCTION" missed="2" covered="85"/><counter type="BRANCH" missed="1" covered="17"/><counter type="LINE" missed="2" covered="29"/><counter type="COMPLEXITY" missed="1" covered="9"/><counter type="METHOD" missed="0" covered="1"/></method><method name="walk" desc="()V" line="277"><counter type="INSTRUCTION" missed="10" covered="71"/><counter type="BRANCH" missed="0" covered="4"/><counter type="LINE" missed="3" covered="18"/><counter type="COMPLEXITY" missed="0" covered="3"/><counter type="METHOD" missed="0" covered="1"/></method><method name="&lt;clinit&gt;" desc="()V" line="64"><counter type="INSTRUCTION" missed="0" covered="4"/><counter type="LINE" missed="0" covered="1"/><counter type="COMPLEXITY" missed="0" covered="1"/><counter type="METHOD" missed="0" covered="1"/></method><counter type="INSTRUCTION" missed="17" covered="240"/><counter type="BRANCH" missed="1" covered="21"/><counter type="LINE" missed="7" covered="72"/><counter type="COMPLEXITY" missed="1" covered="20"/><counter type="METHOD" missed="0" covered="10"/><counter type="CLASS" missed="0" covered="1"/></class><sourcefile name="DirCacheImpl.java"><line nr="64" mi="0" ci="4" mb="0" cb="0"/><line nr="66" mi="0" ci="5" mb="0" cb="0"/><line nr="67" mi="0" ci="5" mb="0" cb="0"/><line nr="68" mi="0" ci="4" mb="0" cb="0"/><line nr="69" mi="0" ci="5" mb="0" cb="0"/><line nr="70" mi="0" ci="6" mb="0" cb="0"/><line nr="94" mi="0" ci="2" mb="0" cb="0"/><line nr="95" mi="0" ci="3" mb="0" cb="0"/><line nr="96" mi="0" ci="4" mb="0" cb="0"/><line nr="97" mi="0" ci="3" mb="0" cb="0"/><line nr="98" mi="0" ci="2" mb="0" cb="0"/><line nr="99" mi="0" ci="10" mb="0" cb="0"/><line nr="100" mi="0" ci="1" mb="0" cb="0"/><line nr="104" mi="0" ci="3" mb="0" cb="0"/><line nr="109" mi="0" ci="3" mb="0" cb="0"/><line nr="110" mi="0" ci="2" mb="0" cb="0"/><line nr="115" mi="0" ci="4" mb="0" cb="0"/><line nr="117" mi="0" ci="3" mb="0" cb="0"/><line nr="118" mi="1" ci="0" mb="0" cb="0"/><line nr="119" mi="4" ci="0" mb="0" cb="0"/><line nr="120" mi="0" ci="1" mb="0" cb="0"/><line nr="121" mi="0" ci="2" mb="0" cb="0"/><line nr="126" mi="0" ci="3" mb="0" cb="0"/><line nr="127" mi="0" ci="1" mb="0" cb="0"/><line nr="131" mi="0" ci="3" mb="0" cb="0"/><line nr="132" mi="0" ci="2" mb="0" cb="0"/><line nr="137" mi="0" ci="3" mb="0" cb="0"/><line nr="141" mi="0" ci="2" mb="0" cb="0"/><line nr="143" mi="0" ci="4" mb="0" cb="2"/><line nr="147" mi="0" ci="2" mb="0" cb="2"/><line nr="148" mi="0" ci="8" mb="0" cb="0"/><line nr="150" mi="0" ci="4" mb="0" cb="0"/><line nr="151" mi="0" ci="2" mb="0" cb="0"/><line nr="153" mi="0" ci="1" mb="0" cb="0"/><line nr="154" mi="0" ci="4" mb="0" cb="0"/><line nr="155" mi="0" ci="1" mb="0" cb="0"/><line nr="156" mi="1" ci="0" mb="0" cb="0"/><line nr="157" mi="1" ci="0" mb="0" cb="0"/><line nr="158" mi="0" ci="1" mb="0" cb="0"/><line nr="160" mi="0" ci="2" mb="0" cb="0"/><line nr="161" mi="0" ci="2" mb="0" cb="0"/><line nr="162" mi="0" ci="2" mb="0" cb="2"/><line nr="163" mi="0" ci="3" mb="0" cb="0"/><line nr="165" mi="0" ci="11" mb="0" cb="2"/><line nr="167" mi="0" ci="4" mb="0" cb="2"/><line nr="168" mi="0" ci="3" mb="0" cb="0"/><line nr="170" mi="0" ci="2" mb="0" cb="0"/><line nr="172" mi="0" ci="1" mb="0" cb="0"/><line nr="173" mi="0" ci="3" mb="0" cb="2"/><line nr="174" mi="0" ci="7" mb="0" cb="0"/><line nr="178" mi="0" ci="2" mb="0" cb="2"/><line nr="179" mi="0" ci="2" mb="0" cb="0"/><line nr="180" mi="0" ci="2" mb="1" cb="1"/><line nr="181" mi="0" ci="2" mb="0" cb="0"/><line nr="182" mi="0" ci="3" mb="0" cb="2"/><line nr="183" mi="0" ci="3" mb="0" cb="0"/><line nr="187" mi="0" ci="1" mb="0" cb="0"/><line nr="188" mi="0" ci="1" mb="0" cb="0"/><line nr="196" mi="0" ci="2" mb="0" cb="0"/><line nr="197" mi="0" ci="3" mb="0" cb="0"/><line nr="198" mi="0" ci="3" mb="0" cb="0"/><line nr="199" mi="0" ci="5" mb="0" cb="0"/><line nr="200" mi="0" ci="1" mb="0" cb="0"/><line nr="203" mi="0" ci="6" mb="0" cb="0"/><line nr="205" mi="0" ci="5" mb="0" cb="0"/><line nr="206" mi="0" ci="6" mb="0" cb="0"/><line nr="210" mi="0" ci="3" mb="0" cb="0"/><line nr="214" mi="0" ci="3" mb="0" cb="0"/><line nr="218" mi="0" ci="6" mb="0" cb="0"/><line nr="223" mi="0" ci="9" mb="0" cb="2"/><line nr="224" mi="0" ci="6" mb="0" cb="0"/><line nr="225" mi="0" ci="2" mb="0" cb="0"/><line nr="227" mi="0" ci="6" mb="0" cb="0"/><line nr="228" mi="0" ci="11" mb="0" cb="0"/><line nr="229" mi="0" ci="5" mb="0" cb="0"/><line nr="230" mi="0" ci="6" mb="0" cb="2"/><line nr="232" mi="0" ci="20" mb="0" cb="0"/><line nr="233" mi="0" ci="7" mb="0" cb="0"/><line nr="234" mi="1" ci="0" mb="0" cb="0"/><line nr="235" mi="5" ci="0" mb="0" cb="0"/><line nr="236" mi="0" ci="1" mb="0" cb="0"/><line nr="238" mi="0" ci="2" mb="0" cb="0"/><line nr="244" mi="0" ci="9" mb="0" cb="2"/><line nr="245" mi="0" ci="20" mb="0" cb="0"/><line nr="246" mi="0" ci="5" mb="0" cb="0"/><line nr="247" mi="0" ci="10" mb="0" cb="0"/><line nr="248" mi="0" ci="5" mb="0" cb="0"/><line nr="250" mi="0" ci="2" mb="0" cb="0"/><line nr="255" mi="5" ci="0" mb="0" cb="0"/><line nr="256" mi="2" ci="0" mb="0" cb="0"/><line nr="261" mi="0" ci="5" mb="0" cb="0"/><line nr="262" mi="0" ci="5" mb="0" cb="0"/><line nr="263" mi="4" ci="6" mb="1" cb="1"/><line nr="264" mi="0" ci="9" mb="0" cb="0"/><line nr="265" mi="0" ci="4" mb="0" cb="2"/><line nr="266" mi="0" ci="4" mb="0" cb="0"/><line nr="268" mi="0" ci="5" mb="0" cb="0"/><line nr="269" mi="0" ci="5" mb="0" cb="0"/><line nr="272" mi="0" ci="2" mb="0" cb="0"/><line nr="277" mi="0" ci="5" mb="0" cb="0"/><line nr="278" mi="0" ci="2" mb="0" cb="0"/><line nr="279" mi="0" ci="5" mb="0" cb="0"/><line nr="281" mi="0" ci="8" mb="0" cb="0"/><line nr="282" mi="1" ci="0" mb="0" cb="0"/><line nr="283" mi="6" ci="0" mb="0" cb="0"/><line nr="284" mi="3" ci="0" mb="0" cb="0"/><line nr="285" mi="0" ci="1" mb="0" cb="0"/><line nr="287" mi="0" ci="5" mb="0" cb="0"/><line nr="288" mi="0" ci="4" mb="0" cb="0"/><line nr="289" mi="0" ci="3" mb="0" cb="0"/><line nr="290" mi="0" ci="3" mb="0" cb="0"/><line nr="291" mi="0" ci="6" mb="0" cb="0"/><line nr="292" mi="0" ci="8" mb="0" cb="2"/><line nr="293" mi="0" ci="4" mb="0" cb="0"/><line nr="294" mi="0" ci="5" mb="0" cb="2"/><line nr="295" mi="0" ci="5" mb="0" cb="0"/><line nr="296" mi="0" ci="2" mb="0" cb="0"/><line nr="298" mi="0" ci="1" mb="0" cb="0"/><line nr="299" mi="0" ci="3" mb="0" cb="0"/><line nr="300" mi="0" ci="1" mb="0" cb="0"/><counter type="INSTRUCTION" missed="34" covered="454"/><counter type="BRANCH" missed="2" covered="30"/><counter type="LINE" missed="11" covered="109"/><counter type="COMPLEXITY" missed="3" covered="33"/><counter type="METHOD" missed="1" covered="19"/><counter type="CLASS" missed="0" covered="3"/></sourcefile><counter type="INSTRUCTION" missed="34" covered="454"/><counter type="BRANCH" missed="2" covered="30"/><counter type="LINE" missed="11" covered="109"/><counter type="COMPLEXITY" missed="3" covered="33"/><counter type="METHOD" missed="1" covered="19"/><counter type="CLASS" missed="0" covered="3"/></package><counter type="INSTRUCTION" missed="34" covered="550"/><counter type="BRANCH" missed="2" covered="32"/><counter type="LINE" missed="11" covered="133"/><counter type="COMPLEXITY" missed="3" covered="46"/><counter type="METHOD" missed="1" covered="31"/><counter type="CLASS" missed="0" covered="7"/></report>